[0mGET / [36m304[0m 25.173 ms - -[0m
[0mGET /users/signin [32m200[0m 32.125 ms - 10385[0m
[0mGET /users/css/header.css [33m404[0m 11.388 ms - 159[0m
[0mGET /users/css/footer.css [33m404[0m 19.106 ms - 159[0m
[0mGET /users/css/signin_signup.css [33m404[0m 13.641 ms - 166[0m
[0mGET /users/css/layout.css [33m404[0m 15.234 ms - 159[0m
[0mGET /users/js/_header.js [33m404[0m 2.867 ms - 158[0m
[0mGET /users/js/_footer.js [33m404[0m 3.048 ms - 158[0m
[0mGET /users/css/layout.css [33m404[0m 5.494 ms - 159[0m
[0mGET /users/css/footer.css [33m404[0m 8.821 ms - 159[0m
[0mGET /users/css/header.css [33m404[0m 9.630 ms - 159[0m
[0mGET /users/css/signin_signup.css [33m404[0m 11.531 ms - 166[0m
[0mGET /users/css/header.css [33m404[0m 5.375 ms - 159[0m
[0mGET /users/css/footer.css [33m404[0m 2.863 ms - 159[0m
[0mGET /report/blacklisted-urls [32m200[0m 98.757 ms - 112513[0m
[0mGET /report/css/layout.css [33m404[0m 16.470 ms - 160[0m
[0mGET /report/css/header.css [33m404[0m 12.170 ms - 160[0m
[0mGET /report/css/footer.css [33m404[0m 11.317 ms - 160[0m
[0mGET /report/css/blackListed_urls.css [33m404[0m 22.835 ms - 170[0m
[0mGET /report/css/layout.css [33m404[0m 6.500 ms - 160[0m
[0mGET /report/js/_header.js [33m404[0m 14.034 ms - 159[0m
[0mGET /report/js/_footer.js [33m404[0m 11.771 ms - 159[0m
[0mGET /report/js/blacklistedUrls.js [33m404[0m 6.653 ms - 167[0m
[0mGET /report/css/header.css [33m404[0m 2.789 ms - 160[0m
[0mGET /report/css/footer.css [33m404[0m 2.638 ms - 160[0m
[0mGET /report/blacklisted-urls [36m304[0m 83.434 ms - -[0m
[0mGET /report/css/layout.css [33m404[0m 8.917 ms - 160[0m
[0mGET /report/css/header.css [33m404[0m 7.891 ms - 160[0m
[0mGET /report/css/blackListed_urls.css [33m404[0m 7.982 ms - 170[0m
[0mGET /report/css/footer.css [33m404[0m 10.092 ms - 160[0m
[0mGET /report/js/_header.js [33m404[0m 2.866 ms - 159[0m
[0mGET /report/js/_footer.js [33m404[0m 7.537 ms - 159[0m
[0mGET /report/js/blacklistedUrls.js [33m404[0m 8.333 ms - 167[0m
[0mGET /report/css/header.css [33m404[0m 4.624 ms - 160[0m
[0mGET /report/css/footer.css [33m404[0m 3.622 ms - 160[0m
[0mGET /report/blacklisted-urls [36m304[0m 79.325 ms - -[0m
[0mGET /report/css/layout.css [33m404[0m 8.629 ms - 160[0m
[0mGET /report/css/header.css [33m404[0m 12.968 ms - 160[0m
[0mGET /report/css/blackListed_urls.css [33m404[0m 11.198 ms - 170[0m
[0mGET /report/css/footer.css [33m404[0m 12.348 ms - 160[0m
[0mGET /report/js/_header.js [33m404[0m 5.817 ms - 159[0m
[0mGET /report/js/_footer.js [33m404[0m 5.352 ms - 159[0m
[0mGET /report/js/blacklistedUrls.js [33m404[0m 6.544 ms - 167[0m
[0mGET /report/css/header.css [33m404[0m 3.773 ms - 160[0m
[0mGET /report/css/footer.css [33m404[0m 4.226 ms - 160[0m
[0mGET /report/blacklisted-urls?search=hi [32m200[0m 27.031 ms - 20164[0m
[0mGET /report/css/layout.css [33m404[0m 6.104 ms - 160[0m
[0mGET /report/css/header.css [33m404[0m 7.842 ms - 160[0m
[0mGET /report/css/footer.css [33m404[0m 8.016 ms - 160[0m
[0mGET /report/css/blackListed_urls.css [33m404[0m 13.307 ms - 170[0m
[0mGET /report/js/_header.js [33m404[0m 5.544 ms - 159[0m
[0mGET /report/js/_footer.js [33m404[0m 5.500 ms - 159[0m
[0mGET /report/js/blacklistedUrls.js [33m404[0m 7.807 ms - 167[0m
[0mGET /report/css/header.css [33m404[0m 3.121 ms - 160[0m
[0mGET /report/css/footer.css [33m404[0m 1.956 ms - 160[0m
[0mGET /article/online/shopping/scam [32m200[0m 24.678 ms - 9931[0m
[0mGET /article/online/shopping/css/layout.css [33m404[0m 6.302 ms - 177[0m
[0mGET /article/online/shopping/css/header.css [33m404[0m 12.198 ms - 177[0m
[0mGET /article/online/shopping/css/footer.css [33m404[0m 13.149 ms - 177[0m
[0mGET /article/online/shopping/css/article.css [33m404[0m 13.410 ms - 178[0m
[0mGET /article/online/shopping/js/_header.js [33m404[0m 2.722 ms - 176[0m
[0mGET /article/online/shopping/js/_footer.js [33m404[0m 2.709 ms - 176[0m
[0mGET /article/online/shopping/js/article.js [33m404[0m 3.400 ms - 176[0m
[0mGET /article/online/shopping/css/layout.css [33m404[0m 6.577 ms - 177[0m
[0mGET /article/online/shopping/css/header.css [33m404[0m 13.342 ms - 177[0m
[0mGET /article/online/shopping/css/footer.css [33m404[0m 13.982 ms - 177[0m
[0mGET /article/online/shopping/css/article.css [33m404[0m 15.581 ms - 178[0m
[0mGET /article/online/shopping/css/header.css [33m404[0m 2.937 ms - 177[0m
[0mGET /article/online/shopping/css/footer.css [33m404[0m 7.216 ms - 177[0m
[0mGET / [32m200[0m 30.396 ms - 21173[0m
[0mGET /report/blacklisted-urls [32m200[0m 81.545 ms - 112497[0m
[0mGET /report/css/layout.css [33m404[0m 6.169 ms - 160[0m
[0mGET /report/css/header.css [33m404[0m 8.484 ms - 160[0m
[0mGET /report/css/footer.css [33m404[0m 10.025 ms - 160[0m
[0mGET /report/css/blackListed_urls.css [33m404[0m 15.749 ms - 170[0m
[0mGET /report/js/_header.js [33m404[0m 8.751 ms - 159[0m
[0mGET /report/js/_footer.js [33m404[0m 8.719 ms - 159[0m
[0mGET /report/js/blacklistedUrls.js [33m404[0m 11.342 ms - 167[0m
[0mGET /report/css/header.css [33m404[0m 6.087 ms - 160[0m
[0mGET /report/css/footer.css [33m404[0m 1.943 ms - 160[0m
[0mGET / [36m304[0m 24.596 ms - -[0m
[0mGET / [36m304[0m 27.734 ms - -[0m
[0mGET /report/blacklisted-urls [36m304[0m 98.515 ms - -[0m
[0mGET /report/css/header.css [33m404[0m 9.540 ms - 160[0m
[0mGET /report/css/footer.css [33m404[0m 10.924 ms - 160[0m
[0mGET /report/css/blackListed_urls.css [33m404[0m 8.948 ms - 170[0m
[0mGET /report/css/layout.css [33m404[0m 8.535 ms - 160[0m
[0mGET /report/js/_header.js [33m404[0m 5.871 ms - 159[0m
[0mGET /report/js/_footer.js [33m404[0m 7.683 ms - 159[0m
[0mGET /report/css/layout.css [33m404[0m 12.311 ms - 160[0m
[0mGET /report/css/header.css [33m404[0m 14.720 ms - 160[0m
[0mGET /report/css/footer.css [33m404[0m 18.109 ms - 160[0m
[0mGET /report/css/blackListed_urls.css [33m404[0m 15.383 ms - 170[0m
[0mGET /report/js/blacklistedUrls.js [33m404[0m 12.363 ms - 167[0m
[0mGET /report/css/header.css [33m404[0m 4.815 ms - 160[0m
[0mGET /report/css/footer.css [33m404[0m 3.307 ms - 160[0m
